# JRE version: OpenJDK Runtime Environment (17.0.11) (build 17.0.11+0--11852314)
# Java VM: OpenJDK 64-Bit Server VM (17.0.11+0--11852314, mixed mode, tiered, compressed oops, compressed class ptrs, g1 gc, windows-amd64)
GC Precious Log:
 CPUs: 16 total, 16 available
 Memory: 7877M
 Large Page Support: Disabled
 NUMA Support: Disabled
 Compressed Oops: Enabled (32-bit)
 Heap Region Size: 1M
 Heap Min Capacity: 8M
 Heap Initial Capacity: 124M
 Heap Max Capacity: 2G
 Pre-touch: Disabled
 Parallel Workers: 13
 Concurrent Workers: 3
 Concurrent Refinement Workers: 13
 Periodic GC: Disabled
Heap:
 garbage-first heap   total 299008K, used 122371K [0x0000000080000000, 0x0000000100000000)
  region size 1024K, 25 young (25600K), 10 survivors (10240K)
 Metaspace       used 132165K, committed 133056K, reserved 1179648K
  class space    used 18872K, committed 19328K, reserved 1048576K
GC Heap History (20 events):
Event: 7.881 GC heap before
{Heap before GC invocations=23 (full 0):
 garbage-first heap   total 149504K, used 116920K [0x0000000080000000, 0x0000000100000000)
  region size 1024K, 54 young (55296K), 3 survivors (3072K)
 Metaspace       used 78183K, committed 78784K, reserved 1179648K
  class space    used 10605K, committed 10880K, reserved 1048576K
}
Event: 7.886 GC heap after
{Heap after GC invocations=24 (full 0):
 garbage-first heap   total 149504K, used 68087K [0x0000000080000000, 0x0000000100000000)
  region size 1024K, 7 young (7168K), 7 survivors (7168K)
 Metaspace       used 78183K, committed 78784K, reserved 1179648K
  class space    used 10605K, committed 10880K, reserved 1048576K
}
Event: 8.350 GC heap before
{Heap before GC invocations=24 (full 0):
 garbage-first heap   total 149504K, used 117239K [0x0000000080000000, 0x0000000100000000)
  region size 1024K, 55 young (56320K), 7 survivors (7168K)
 Metaspace       used 81748K, committed 82368K, reserved 1179648K
  class space    used 11293K, committed 11584K, reserved 1048576K
}
Event: 8.354 GC heap after
{Heap after GC invocations=25 (full 0):
 garbage-first heap   total 149504K, used 69540K [0x0000000080000000, 0x0000000100000000)
  region size 1024K, 2 young (2048K), 2 survivors (2048K)
 Metaspace       used 81748K, committed 82368K, reserved 1179648K
  class space    used 11293K, committed 11584K, reserved 1048576K
}
Event: 8.833 GC heap before
{Heap before GC invocations=25 (full 0):
 garbage-first heap   total 149504K, used 120740K [0x0000000080000000, 0x0000000100000000)
  region size 1024K, 52 young (53248K), 2 survivors (2048K)
 Metaspace       used 85790K, committed 86400K, reserved 1179648K
  class space    used 11861K, committed 12160K, reserved 1048576K
}
Event: 8.837 GC heap after
{Heap after GC invocations=26 (full 0):
 garbage-first heap   total 149504K, used 72168K [0x0000000080000000, 0x0000000100000000)
  region size 1024K, 5 young (5120K), 5 survivors (5120K)
 Metaspace       used 85790K, committed 86400K, reserved 1179648K
  class space    used 11861K, committed 12160K, reserved 1048576K
}
Event: 9.328 GC heap before
{Heap before GC invocations=27 (full 0):
 garbage-first heap   total 149504K, used 121320K [0x0000000080000000, 0x0000000100000000)
  region size 1024K, 53 young (54272K), 5 survivors (5120K)
 Metaspace       used 89719K, committed 90368K, reserved 1179648K
  class space    used 12475K, committed 12800K, reserved 1048576K
}
Event: 9.335 GC heap after
{Heap after GC invocations=28 (full 0):
 garbage-first heap   total 149504K, used 74320K [0x0000000080000000, 0x0000000100000000)
  region size 1024K, 6 young (6144K), 6 survivors (6144K)
 Metaspace       used 89719K, committed 90368K, reserved 1179648K
  class space    used 12475K, committed 12800K, reserved 1048576K
}
Event: 9.355 GC heap before
{Heap before GC invocations=28 (full 0):
 garbage-first heap   total 149504K, used 74320K [0x0000000080000000, 0x0000000100000000)
  region size 1024K, 7 young (7168K), 6 survivors (6144K)
 Metaspace       used 90371K, committed 91072K, reserved 1179648K
  class space    used 12547K, committed 12864K, reserved 1048576K
}
Event: 9.360 GC heap after
{Heap after GC invocations=29 (full 0):
 garbage-first heap   total 299008K, used 73785K [0x0000000080000000, 0x0000000100000000)
  region size 1024K, 1 young (1024K), 1 survivors (1024K)
 Metaspace       used 90371K, committed 91072K, reserved 1179648K
  class space    used 12547K, committed 12864K, reserved 1048576K
}
Event: 10.651 GC heap before
{Heap before GC invocations=29 (full 0):
 garbage-first heap   total 299008K, used 236601K [0x0000000080000000, 0x0000000100000000)
  region size 1024K, 161 young (164864K), 1 survivors (1024K)
 Metaspace       used 94796K, committed 95488K, reserved 1179648K
  class space    used 13224K, committed 13568K, reserved 1048576K
}
Event: 10.663 GC heap after
{Heap after GC invocations=30 (full 0):
 garbage-first heap   total 299008K, used 83505K [0x0000000080000000, 0x0000000100000000)
  region size 1024K, 11 young (11264K), 11 survivors (11264K)
 Metaspace       used 94796K, committed 95488K, reserved 1179648K
  class space    used 13224K, committed 13568K, reserved 1048576K
}
Event: 13.459 GC heap before
{Heap before GC invocations=30 (full 0):
 garbage-first heap   total 299008K, used 237105K [0x0000000080000000, 0x0000000100000000)
  region size 1024K, 157 young (160768K), 11 survivors (11264K)
 Metaspace       used 98990K, committed 99776K, reserved 1179648K
  class space    used 13680K, committed 14080K, reserved 1048576K
}
Event: 13.479 GC heap after
{Heap after GC invocations=31 (full 0):
 garbage-first heap   total 299008K, used 92493K [0x0000000080000000, 0x0000000100000000)
  region size 1024K, 12 young (12288K), 12 survivors (12288K)
 Metaspace       used 98990K, committed 99776K, reserved 1179648K
  class space    used 13680K, committed 14080K, reserved 1048576K
}
Event: 15.875 GC heap before
{Heap before GC invocations=31 (full 0):
 garbage-first heap   total 299008K, used 237901K [0x0000000080000000, 0x0000000100000000)
  region size 1024K, 151 young (154624K), 12 survivors (12288K)
 Metaspace       used 110186K, committed 110912K, reserved 1179648K
  class space    used 15086K, committed 15424K, reserved 1048576K
}
Event: 15.887 GC heap after
{Heap after GC invocations=32 (full 0):
 garbage-first heap   total 299008K, used 99812K [0x0000000080000000, 0x0000000100000000)
  region size 1024K, 6 young (6144K), 6 survivors (6144K)
 Metaspace       used 110186K, committed 110912K, reserved 1179648K
  class space    used 15086K, committed 15424K, reserved 1048576K
}
Event: 17.043 GC heap before
{Heap before GC invocations=32 (full 0):
 garbage-first heap   total 299008K, used 239076K [0x0000000080000000, 0x0000000100000000)
  region size 1024K, 143 young (146432K), 6 survivors (6144K)
 Metaspace       used 123957K, committed 124736K, reserved 1179648K
  class space    used 17476K, committed 17856K, reserved 1048576K
}
Event: 17.059 GC heap after
{Heap after GC invocations=33 (full 0):
 garbage-first heap   total 299008K, used 109921K [0x0000000080000000, 0x0000000100000000)
  region size 1024K, 18 young (18432K), 18 survivors (18432K)
 Metaspace       used 123957K, committed 124736K, reserved 1179648K
  class space    used 17476K, committed 17856K, reserved 1048576K
}
Event: 17.996 GC heap before
{Heap before GC invocations=33 (full 0):
 garbage-first heap   total 299008K, used 237921K [0x0000000080000000, 0x0000000100000000)
  region size 1024K, 143 young (146432K), 18 survivors (18432K)
 Metaspace       used 131595K, committed 132480K, reserved 1179648K
  class space    used 18816K, committed 19264K, reserved 1048576K
}
Event: 18.009 GC heap after
{Heap after GC invocations=34 (full 0):
 garbage-first heap   total 299008K, used 108035K [0x0000000080000000, 0x0000000100000000)
  region size 1024K, 10 young (10240K), 10 survivors (10240K)
 Metaspace       used 131595K, committed 132480K, reserved 1179648K
  class space    used 18816K, committed 19264K, reserved 1048576K
}

