# JRE version: OpenJDK Runtime Environment (17.0.11) (build 17.0.11+0--11852314)
# Java VM: OpenJDK 64-Bit Server VM (17.0.11+0--11852314, mixed mode, tiered, compressed oops, compressed class ptrs, g1 gc, windows-amd64)
GC Precious Log:
 CPUs: 16 total, 16 available
 Memory: 7877M
 Large Page Support: Disabled
 NUMA Support: Disabled
 Compressed Oops: Enabled (32-bit)
 Heap Region Size: 1M
 Heap Min Capacity: 8M
 Heap Initial Capacity: 124M
 Heap Max Capacity: 2G
 Pre-touch: Disabled
 Parallel Workers: 13
 Concurrent Workers: 3
 Concurrent Refinement Workers: 13
 Periodic GC: Disabled
Heap:
 garbage-first heap   total 324608K, used 225427K [0x0000000080000000, 0x0000000100000000)
  region size 1024K, 49 young (50176K), 5 survivors (5120K)
 Metaspace       used 125922K, committed 127040K, reserved 1179648K
  class space    used 17192K, committed 17728K, reserved 1048576K
GC Heap History (20 events):
Event: 67.261 GC heap before
{Heap before GC invocations=40 (full 0):
 garbage-first heap   total 288768K, used 243394K [0x0000000080000000, 0x0000000100000000)
  region size 1024K, 108 young (110592K), 2 survivors (2048K)
 Metaspace       used 101803K, committed 102592K, reserved 1179648K
  class space    used 13942K, committed 14336K, reserved 1048576K
}
Event: 67.270 GC heap after
{Heap after GC invocations=41 (full 0):
 garbage-first heap   total 288768K, used 142332K [0x0000000080000000, 0x0000000100000000)
  region size 1024K, 9 young (9216K), 9 survivors (9216K)
 Metaspace       used 101803K, committed 102592K, reserved 1179648K
  class space    used 13942K, committed 14336K, reserved 1048576K
}
Event: 70.100 GC heap before
{Heap before GC invocations=42 (full 0):
 garbage-first heap   total 288768K, used 240636K [0x0000000080000000, 0x0000000100000000)
  region size 1024K, 105 young (107520K), 9 survivors (9216K)
 Metaspace       used 101805K, committed 102592K, reserved 1179648K
  class space    used 13942K, committed 14336K, reserved 1048576K
}
Event: 70.111 GC heap after
{Heap after GC invocations=43 (full 0):
 garbage-first heap   total 288768K, used 149882K [0x0000000080000000, 0x0000000100000000)
  region size 1024K, 8 young (8192K), 8 survivors (8192K)
 Metaspace       used 101805K, committed 102592K, reserved 1179648K
  class space    used 13942K, committed 14336K, reserved 1048576K
}
Event: 70.675 GC heap before
{Heap before GC invocations=43 (full 0):
 garbage-first heap   total 288768K, used 235898K [0x0000000080000000, 0x0000000100000000)
  region size 1024K, 93 young (95232K), 8 survivors (8192K)
 Metaspace       used 102238K, committed 103040K, reserved 1179648K
  class space    used 14007K, committed 14400K, reserved 1048576K
}
Event: 70.695 GC heap after
{Heap after GC invocations=44 (full 0):
 garbage-first heap   total 288768K, used 166912K [0x0000000080000000, 0x0000000100000000)
  region size 1024K, 13 young (13312K), 13 survivors (13312K)
 Metaspace       used 102238K, committed 103040K, reserved 1179648K
  class space    used 14007K, committed 14400K, reserved 1048576K
}
Event: 70.784 GC heap before
{Heap before GC invocations=45 (full 0):
 garbage-first heap   total 291840K, used 177152K [0x0000000080000000, 0x0000000100000000)
  region size 1024K, 17 young (17408K), 13 survivors (13312K)
 Metaspace       used 102341K, committed 103104K, reserved 1179648K
  class space    used 14016K, committed 14400K, reserved 1048576K
}
Event: 70.793 GC heap after
{Heap after GC invocations=46 (full 0):
 garbage-first heap   total 291840K, used 176591K [0x0000000080000000, 0x0000000100000000)
  region size 1024K, 3 young (3072K), 3 survivors (3072K)
 Metaspace       used 102341K, committed 103104K, reserved 1179648K
  class space    used 14016K, committed 14400K, reserved 1048576K
}
Event: 71.664 GC heap before
{Heap before GC invocations=47 (full 0):
 garbage-first heap   total 304128K, used 240079K [0x0000000080000000, 0x0000000100000000)
  region size 1024K, 65 young (66560K), 3 survivors (3072K)
 Metaspace       used 110193K, committed 111040K, reserved 1179648K
  class space    used 15401K, committed 15808K, reserved 1048576K
}
Event: 71.668 GC heap after
{Heap after GC invocations=48 (full 0):
 garbage-first heap   total 304128K, used 170256K [0x0000000080000000, 0x0000000100000000)
  region size 1024K, 3 young (3072K), 3 survivors (3072K)
 Metaspace       used 110193K, committed 111040K, reserved 1179648K
  class space    used 15401K, committed 15808K, reserved 1048576K
}
Event: 71.828 GC heap before
{Heap before GC invocations=48 (full 0):
 garbage-first heap   total 304128K, used 182544K [0x0000000080000000, 0x0000000100000000)
  region size 1024K, 14 young (14336K), 3 survivors (3072K)
 Metaspace       used 112234K, committed 113088K, reserved 1179648K
  class space    used 15564K, committed 16000K, reserved 1048576K
}
Event: 71.833 GC heap after
{Heap after GC invocations=49 (full 0):
 garbage-first heap   total 304128K, used 169564K [0x0000000080000000, 0x0000000100000000)
  region size 1024K, 1 young (1024K), 1 survivors (1024K)
 Metaspace       used 112234K, committed 113088K, reserved 1179648K
  class space    used 15564K, committed 16000K, reserved 1048576K
}
Event: 72.896 GC heap before
{Heap before GC invocations=49 (full 0):
 garbage-first heap   total 304128K, used 250460K [0x0000000080000000, 0x0000000100000000)
  region size 1024K, 80 young (81920K), 1 survivors (1024K)
 Metaspace       used 120474K, committed 121344K, reserved 1179648K
  class space    used 16680K, committed 17088K, reserved 1048576K
}
Event: 72.903 GC heap after
{Heap after GC invocations=50 (full 0):
 garbage-first heap   total 304128K, used 172521K [0x0000000080000000, 0x0000000100000000)
  region size 1024K, 4 young (4096K), 4 survivors (4096K)
 Metaspace       used 120474K, committed 121344K, reserved 1179648K
  class space    used 16680K, committed 17088K, reserved 1048576K
}
Event: 73.610 GC heap before
{Heap before GC invocations=51 (full 0):
 garbage-first heap   total 304128K, used 257513K [0x0000000080000000, 0x0000000100000000)
  region size 1024K, 83 young (84992K), 4 survivors (4096K)
 Metaspace       used 123710K, committed 124672K, reserved 1179648K
  class space    used 16980K, committed 17408K, reserved 1048576K
}
Event: 73.620 GC heap after
{Heap after GC invocations=52 (full 0):
 garbage-first heap   total 304128K, used 179255K [0x0000000080000000, 0x0000000100000000)
  region size 1024K, 11 young (11264K), 11 survivors (11264K)
 Metaspace       used 123710K, committed 124672K, reserved 1179648K
  class space    used 16980K, committed 17408K, reserved 1048576K
}
Event: 73.648 GC heap before
{Heap before GC invocations=52 (full 0):
 garbage-first heap   total 304128K, used 182327K [0x0000000080000000, 0x0000000100000000)
  region size 1024K, 14 young (14336K), 11 survivors (11264K)
 Metaspace       used 123747K, committed 124736K, reserved 1179648K
  class space    used 16987K, committed 17472K, reserved 1048576K
}
Event: 73.689 GC heap after
{Heap after GC invocations=53 (full 0):
 garbage-first heap   total 304128K, used 179000K [0x0000000080000000, 0x0000000100000000)
  region size 1024K, 2 young (2048K), 2 survivors (2048K)
 Metaspace       used 123747K, committed 124736K, reserved 1179648K
  class space    used 16987K, committed 17472K, reserved 1048576K
}
Event: 561.259 GC heap before
{Heap before GC invocations=53 (full 0):
 garbage-first heap   total 304128K, used 252728K [0x0000000080000000, 0x0000000100000000)
  region size 1024K, 75 young (76800K), 2 survivors (2048K)
 Metaspace       used 125388K, committed 126464K, reserved 1179648K
  class space    used 17172K, committed 17728K, reserved 1048576K
}
Event: 561.334 GC heap after
{Heap after GC invocations=54 (full 0):
 garbage-first heap   total 304128K, used 182419K [0x0000000080000000, 0x0000000100000000)
  region size 1024K, 5 young (5120K), 5 survivors (5120K)
 Metaspace       used 125388K, committed 126464K, reserved 1179648K
  class space    used 17172K, committed 17728K, reserved 1048576K
}

