# JRE version: OpenJDK Runtime Environment (17.0.11) (build 17.0.11+0--11852314)
# Java VM: OpenJDK 64-Bit Server VM (17.0.11+0--11852314, mixed mode, tiered, compressed oops, compressed class ptrs, g1 gc, windows-amd64)
GC Precious Log:
 CPUs: 16 total, 16 available
 Memory: 7877M
 Large Page Support: Disabled
 NUMA Support: Disabled
 Compressed Oops: Enabled (32-bit)
 Heap Region Size: 1M
 Heap Min Capacity: 8M
 Heap Initial Capacity: 124M
 Heap Max Capacity: 2G
 Pre-touch: Disabled
 Parallel Workers: 13
 Concurrent Workers: 3
 Concurrent Refinement Workers: 13
 Periodic GC: Disabled
Heap:
 garbage-first heap   total 333824K, used 232921K [0x0000000080000000, 0x0000000100000000)
  region size 1024K, 38 young (38912K), 8 survivors (8192K)
 Metaspace       used 122651K, committed 123840K, reserved 1179648K
  class space    used 16391K, committed 16960K, reserved 1048576K
GC Heap History (20 events):
Event: 11.629 GC heap before
{Heap before GC invocations=33 (full 0):
 garbage-first heap   total 333824K, used 267906K [0x0000000080000000, 0x0000000100000000)
  region size 1024K, 145 young (148480K), 10 survivors (10240K)
 Metaspace       used 107884K, committed 108736K, reserved 1179648K
  class space    used 14577K, committed 14976K, reserved 1048576K
}
Event: 11.642 GC heap after
{Heap after GC invocations=34 (full 0):
 garbage-first heap   total 333824K, used 131449K [0x0000000080000000, 0x0000000100000000)
  region size 1024K, 17 young (17408K), 17 survivors (17408K)
 Metaspace       used 107884K, committed 108736K, reserved 1179648K
  class space    used 14577K, committed 14976K, reserved 1048576K
}
Event: 16.149 GC heap before
{Heap before GC invocations=34 (full 0):
 garbage-first heap   total 333824K, used 265593K [0x0000000080000000, 0x0000000100000000)
  region size 1024K, 149 young (152576K), 17 survivors (17408K)
 Metaspace       used 110152K, committed 111104K, reserved 1179648K
  class space    used 14825K, committed 15296K, reserved 1048576K
}
Event: 16.175 GC heap after
{Heap after GC invocations=35 (full 0):
 garbage-first heap   total 333824K, used 141175K [0x0000000080000000, 0x0000000100000000)
  region size 1024K, 17 young (17408K), 17 survivors (17408K)
 Metaspace       used 110152K, committed 111104K, reserved 1179648K
  class space    used 14825K, committed 15296K, reserved 1048576K
}
Event: 19.890 GC heap before
{Heap before GC invocations=35 (full 0):
 garbage-first heap   total 333824K, used 269175K [0x0000000080000000, 0x0000000100000000)
  region size 1024K, 142 young (145408K), 17 survivors (17408K)
 Metaspace       used 110154K, committed 111104K, reserved 1179648K
  class space    used 14825K, committed 15296K, reserved 1048576K
}
Event: 19.910 GC heap after
{Heap after GC invocations=36 (full 0):
 garbage-first heap   total 333824K, used 148471K [0x0000000080000000, 0x0000000100000000)
  region size 1024K, 17 young (17408K), 17 survivors (17408K)
 Metaspace       used 110154K, committed 111104K, reserved 1179648K
  class space    used 14825K, committed 15296K, reserved 1048576K
}
Event: 23.642 GC heap before
{Heap before GC invocations=36 (full 0):
 garbage-first heap   total 333824K, used 270327K [0x0000000080000000, 0x0000000100000000)
  region size 1024K, 136 young (139264K), 17 survivors (17408K)
 Metaspace       used 110155K, committed 111104K, reserved 1179648K
  class space    used 14825K, committed 15296K, reserved 1048576K
}
Event: 23.656 GC heap after
{Heap after GC invocations=37 (full 0):
 garbage-first heap   total 333824K, used 154906K [0x0000000080000000, 0x0000000100000000)
  region size 1024K, 9 young (9216K), 9 survivors (9216K)
 Metaspace       used 110155K, committed 111104K, reserved 1179648K
  class space    used 14825K, committed 15296K, reserved 1048576K
}
Event: 27.184 GC heap before
{Heap before GC invocations=37 (full 0):
 garbage-first heap   total 333824K, used 272666K [0x0000000080000000, 0x0000000100000000)
  region size 1024K, 124 young (126976K), 9 survivors (9216K)
 Metaspace       used 110155K, committed 111104K, reserved 1179648K
  class space    used 14825K, committed 15296K, reserved 1048576K
}
Event: 27.194 GC heap after
{Heap after GC invocations=38 (full 0):
 garbage-first heap   total 333824K, used 160008K [0x0000000080000000, 0x0000000100000000)
  region size 1024K, 14 young (14336K), 14 survivors (14336K)
 Metaspace       used 110155K, committed 111104K, reserved 1179648K
  class space    used 14825K, committed 15296K, reserved 1048576K
}
Event: 44.016 GC heap before
{Heap before GC invocations=38 (full 0):
 garbage-first heap   total 333824K, used 271624K [0x0000000080000000, 0x0000000100000000)
  region size 1024K, 124 young (126976K), 14 survivors (14336K)
 Metaspace       used 111996K, committed 113088K, reserved 1179648K
  class space    used 15022K, committed 15552K, reserved 1048576K
}
Event: 44.031 GC heap after
{Heap after GC invocations=39 (full 0):
 garbage-first heap   total 333824K, used 169837K [0x0000000080000000, 0x0000000100000000)
  region size 1024K, 12 young (12288K), 12 survivors (12288K)
 Metaspace       used 111996K, committed 113088K, reserved 1179648K
  class space    used 15022K, committed 15552K, reserved 1048576K
}
Event: 233.674 GC heap before
{Heap before GC invocations=39 (full 0):
 garbage-first heap   total 333824K, used 272237K [0x0000000080000000, 0x0000000100000000)
  region size 1024K, 113 young (115712K), 12 survivors (12288K)
 Metaspace       used 112962K, committed 114048K, reserved 1179648K
  class space    used 15130K, committed 15680K, reserved 1048576K
}
Event: 233.695 GC heap after
{Heap after GC invocations=40 (full 0):
 garbage-first heap   total 333824K, used 169951K [0x0000000080000000, 0x0000000100000000)
  region size 1024K, 7 young (7168K), 7 survivors (7168K)
 Metaspace       used 112962K, committed 114048K, reserved 1179648K
  class space    used 15130K, committed 15680K, reserved 1048576K
}
Event: 235.263 GC heap before
{Heap before GC invocations=40 (full 0):
 garbage-first heap   total 333824K, used 274399K [0x0000000080000000, 0x0000000100000000)
  region size 1024K, 108 young (110592K), 7 survivors (7168K)
 Metaspace       used 117778K, committed 118848K, reserved 1179648K
  class space    used 15848K, committed 16384K, reserved 1048576K
}
Event: 235.296 GC heap after
{Heap after GC invocations=41 (full 0):
 garbage-first heap   total 333824K, used 190987K [0x0000000080000000, 0x0000000100000000)
  region size 1024K, 14 young (14336K), 14 survivors (14336K)
 Metaspace       used 117778K, committed 118848K, reserved 1179648K
  class space    used 15848K, committed 16384K, reserved 1048576K
}
Event: 236.041 GC heap before
{Heap before GC invocations=41 (full 0):
 garbage-first heap   total 333824K, used 282123K [0x0000000080000000, 0x0000000100000000)
  region size 1024K, 87 young (89088K), 14 survivors (14336K)
 Metaspace       used 121714K, committed 122816K, reserved 1179648K
  class space    used 16281K, committed 16832K, reserved 1048576K
}
Event: 236.061 GC heap after
{Heap after GC invocations=42 (full 0):
 garbage-first heap   total 333824K, used 197953K [0x0000000080000000, 0x0000000100000000)
  region size 1024K, 7 young (7168K), 7 survivors (7168K)
 Metaspace       used 121714K, committed 122816K, reserved 1179648K
  class space    used 16281K, committed 16832K, reserved 1048576K
}
Event: 236.508 GC heap before
{Heap before GC invocations=42 (full 0):
 garbage-first heap   total 333824K, used 267585K [0x0000000080000000, 0x0000000100000000)
  region size 1024K, 76 young (77824K), 7 survivors (7168K)
 Metaspace       used 122466K, committed 123648K, reserved 1179648K
  class space    used 16374K, committed 16960K, reserved 1048576K
}
Event: 236.518 GC heap after
{Heap after GC invocations=43 (full 0):
 garbage-first heap   total 333824K, used 204249K [0x0000000080000000, 0x0000000100000000)
  region size 1024K, 8 young (8192K), 8 survivors (8192K)
 Metaspace       used 122466K, committed 123648K, reserved 1179648K
  class space    used 16374K, committed 16960K, reserved 1048576K
}

