# JRE version: OpenJDK Runtime Environment (17.0.11) (build 17.0.11+0--11852314)
# Java VM: OpenJDK 64-Bit Server VM (17.0.11+0--11852314, mixed mode, tiered, compressed oops, compressed class ptrs, g1 gc, windows-amd64)
GC Precious Log:
 CPUs: 16 total, 16 available
 Memory: 7877M
 Large Page Support: Disabled
 NUMA Support: Disabled
 Compressed Oops: Enabled (32-bit)
 Heap Region Size: 1M
 Heap Min Capacity: 8M
 Heap Initial Capacity: 124M
 Heap Max Capacity: 2G
 Pre-touch: Disabled
 Parallel Workers: 13
 Concurrent Workers: 3
 Concurrent Refinement Workers: 13
 Periodic GC: Disabled
Heap:
 garbage-first heap   total 321536K, used 258568K [0x0000000080000000, 0x0000000100000000)
  region size 1024K, 5 young (5120K), 1 survivors (1024K)
 Metaspace       used 152313K, committed 153536K, reserved 1245184K
  class space    used 20768K, committed 21376K, reserved 1048576K
GC Heap History (20 events):
Event: 842.306 GC heap before
{Heap before GC invocations=57 (full 0):
 garbage-first heap   total 321536K, used 269176K [0x0000000080000000, 0x0000000100000000)
  region size 1024K, 45 young (46080K), 8 survivors (8192K)
 Metaspace       used 141495K, committed 142528K, reserved 1179648K
  class space    used 19349K, committed 19840K, reserved 1048576K
}
Event: 842.318 GC heap after
{Heap after GC invocations=58 (full 0):
 garbage-first heap   total 321536K, used 223843K [0x0000000080000000, 0x0000000100000000)
  region size 1024K, 6 young (6144K), 6 survivors (6144K)
 Metaspace       used 141495K, committed 142528K, reserved 1179648K
  class space    used 19349K, committed 19840K, reserved 1048576K
}
Event: 842.647 GC heap before
{Heap before GC invocations=58 (full 0):
 garbage-first heap   total 321536K, used 281187K [0x0000000080000000, 0x0000000100000000)
  region size 1024K, 39 young (39936K), 6 survivors (6144K)
 Metaspace       used 141526K, committed 142528K, reserved 1179648K
  class space    used 19351K, committed 19840K, reserved 1048576K
}
Event: 842.654 GC heap after
{Heap after GC invocations=59 (full 0):
 garbage-first heap   total 321536K, used 226249K [0x0000000080000000, 0x0000000100000000)
  region size 1024K, 2 young (2048K), 2 survivors (2048K)
 Metaspace       used 141526K, committed 142528K, reserved 1179648K
  class space    used 19351K, committed 19840K, reserved 1048576K
}
Event: 893.427 GC heap before
{Heap before GC invocations=59 (full 0):
 garbage-first heap   total 321536K, used 277449K [0x0000000080000000, 0x0000000100000000)
  region size 1024K, 36 young (36864K), 2 survivors (2048K)
 Metaspace       used 144833K, committed 145920K, reserved 1179648K
  class space    used 19772K, committed 20288K, reserved 1048576K
}
Event: 893.444 GC heap after
{Heap after GC invocations=60 (full 0):
 garbage-first heap   total 321536K, used 244248K [0x0000000080000000, 0x0000000100000000)
  region size 1024K, 5 young (5120K), 5 survivors (5120K)
 Metaspace       used 144833K, committed 145920K, reserved 1179648K
  class space    used 19772K, committed 20288K, reserved 1048576K
}
Event: 893.937 GC heap before
{Heap before GC invocations=60 (full 0):
 garbage-first heap   total 321536K, used 283160K [0x0000000080000000, 0x0000000100000000)
  region size 1024K, 31 young (31744K), 5 survivors (5120K)
 Metaspace       used 145842K, committed 147008K, reserved 1179648K
  class space    used 19897K, committed 20480K, reserved 1048576K
}
Event: 893.944 GC heap after
{Heap after GC invocations=61 (full 0):
 garbage-first heap   total 321536K, used 261719K [0x0000000080000000, 0x0000000100000000)
  region size 1024K, 4 young (4096K), 4 survivors (4096K)
 Metaspace       used 145842K, committed 147008K, reserved 1179648K
  class space    used 19897K, committed 20480K, reserved 1048576K
}
Event: 894.240 GC heap before
{Heap before GC invocations=61 (full 0):
 garbage-first heap   total 321536K, used 279127K [0x0000000080000000, 0x0000000100000000)
  region size 1024K, 21 young (21504K), 4 survivors (4096K)
 Metaspace       used 146268K, committed 147456K, reserved 1179648K
  class space    used 19968K, committed 20544K, reserved 1048576K
}
Event: 894.247 GC heap after
{Heap after GC invocations=62 (full 0):
 garbage-first heap   total 321536K, used 264932K [0x0000000080000000, 0x0000000100000000)
  region size 1024K, 3 young (3072K), 3 survivors (3072K)
 Metaspace       used 146268K, committed 147456K, reserved 1179648K
  class space    used 19968K, committed 20544K, reserved 1048576K
}
Event: 894.512 GC heap before
{Heap before GC invocations=62 (full 0):
 garbage-first heap   total 321536K, used 279268K [0x0000000080000000, 0x0000000100000000)
  region size 1024K, 18 young (18432K), 3 survivors (3072K)
 Metaspace       used 146348K, committed 147584K, reserved 1179648K
  class space    used 19972K, committed 20544K, reserved 1048576K
}
Event: 894.516 GC heap after
{Heap after GC invocations=63 (full 0):
 garbage-first heap   total 321536K, used 267659K [0x0000000080000000, 0x0000000100000000)
  region size 1024K, 3 young (3072K), 3 survivors (3072K)
 Metaspace       used 146348K, committed 147584K, reserved 1179648K
  class space    used 19972K, committed 20544K, reserved 1048576K
}
Event: 894.752 GC heap before
{Heap before GC invocations=63 (full 0):
 garbage-first heap   total 321536K, used 292235K [0x0000000080000000, 0x0000000100000000)
  region size 1024K, 16 young (16384K), 3 survivors (3072K)
 Metaspace       used 147474K, committed 148736K, reserved 1179648K
  class space    used 20128K, committed 20736K, reserved 1048576K
}
Event: 894.757 GC heap after
{Heap after GC invocations=64 (full 0):
 garbage-first heap   total 321536K, used 284311K [0x0000000080000000, 0x0000000100000000)
  region size 1024K, 2 young (2048K), 2 survivors (2048K)
 Metaspace       used 147474K, committed 148736K, reserved 1179648K
  class space    used 20128K, committed 20736K, reserved 1048576K
}
Event: 894.854 GC heap before
{Heap before GC invocations=64 (full 0):
 garbage-first heap   total 321536K, used 297623K [0x0000000080000000, 0x0000000100000000)
  region size 1024K, 15 young (15360K), 2 survivors (2048K)
 Metaspace       used 147957K, committed 149184K, reserved 1179648K
  class space    used 20194K, committed 20800K, reserved 1048576K
}
Event: 894.873 GC heap after
{Heap after GC invocations=65 (full 0):
 garbage-first heap   total 321536K, used 285328K [0x0000000080000000, 0x0000000100000000)
  region size 1024K, 2 young (2048K), 2 survivors (2048K)
 Metaspace       used 147957K, committed 149184K, reserved 1179648K
  class space    used 20194K, committed 20800K, reserved 1048576K
}
Event: 894.996 GC heap before
{Heap before GC invocations=65 (full 0):
 garbage-first heap   total 321536K, used 300688K [0x0000000080000000, 0x0000000100000000)
  region size 1024K, 15 young (15360K), 2 survivors (2048K)
 Metaspace       used 149753K, committed 151040K, reserved 1179648K
  class space    used 20444K, committed 21056K, reserved 1048576K
}
Event: 894.999 GC heap after
{Heap after GC invocations=66 (full 0):
 garbage-first heap   total 321536K, used 289577K [0x0000000080000000, 0x0000000100000000)
  region size 1024K, 2 young (2048K), 2 survivors (2048K)
 Metaspace       used 149753K, committed 151040K, reserved 1179648K
  class space    used 20444K, committed 21056K, reserved 1048576K
}
Event: 895.144 GC heap before
{Heap before GC invocations=66 (full 0):
 garbage-first heap   total 321536K, used 301865K [0x0000000080000000, 0x0000000100000000)
  region size 1024K, 15 young (15360K), 2 survivors (2048K)
 Metaspace       used 151562K, committed 152832K, reserved 1245184K
  class space    used 20689K, committed 21312K, reserved 1048576K
}
Event: 895.148 GC heap after
{Heap after GC invocations=67 (full 0):
 garbage-first heap   total 321536K, used 290312K [0x0000000080000000, 0x0000000100000000)
  region size 1024K, 1 young (1024K), 1 survivors (1024K)
 Metaspace       used 151562K, committed 152832K, reserved 1245184K
  class space    used 20689K, committed 21312K, reserved 1048576K
}

